2024-08-28 17:05:15,871 - root - INFO - Epoch 0; loss: 8.385603904724121; CER: 0.5647392868995667; WER: 0.6972829699516296; val_loss: 0.9877362251281738; val_CER: 0.08711235970258713; val_WER: 0.2988935708999634
2024-08-28 17:15:01,898 - root - INFO - Epoch 1; loss: 0.20633618533611298; CER: 0.011494103819131851; WER: 0.044539108872413635; val_loss: 0.05352194234728813; val_CER: 0.0026881720405071974; val_WER: 0.01059685181826353
2024-08-28 17:24:45,541 - root - INFO - Epoch 2; loss: 0.10214760154485703; CER: 0.0056799487210810184; WER: 0.022148337215185165; val_loss: 0.05028371512889862; val_CER: 0.002571295015513897; val_WER: 0.010129343718290329
2024-08-28 17:34:35,539 - root - INFO - Epoch 3; loss: 0.08120173215866089; CER: 0.004762152209877968; WER: 0.018581051379442215; val_loss: 0.04916922003030777; val_CER: 0.002337540965527296; val_WER: 0.009350163862109184
2024-08-28 17:44:21,656 - root - INFO - Epoch 4; loss: 0.06850014626979828; CER: 0.004065146204084158; WER: 0.015896929427981377; val_loss: 0.0461709089577198; val_CER: 0.002415458904579282; val_WER: 0.009661835618317127
2024-08-28 17:54:04,482 - root - INFO - Epoch 5; loss: 0.06899969279766083; CER: 0.004294595215469599; WER: 0.01678009331226349; val_loss: 0.04474466294050217; val_CER: 0.002181704854592681; val_WER: 0.008726819418370724
2024-08-28 18:03:52,136 - root - INFO - Epoch 6; loss: 0.05885155871510506; CER: 0.0035542971454560757; WER: 0.013905484229326248; val_loss: 0.15771254897117615; val_CER: 0.01067476999014616; val_WER: 0.04238740727305412
2024-08-28 18:13:38,150 - root - INFO - Epoch 7; loss: 0.05457678064703941; CER: 0.0032512510661035776; WER: 0.012814518064260483; val_loss: 0.04221462830901146; val_CER: 0.0020648278295993805; val_WER: 0.008259311318397522
2024-08-28 18:23:24,267 - root - INFO - Epoch 8; loss: 0.05116269737482071; CER: 0.0030088142957538366; WER: 0.011792819947004318; val_loss: 0.04743831604719162; val_CER: 0.002766089979559183; val_WER: 0.011064359918236732
2024-08-28 18:33:11,859 - root - INFO - Epoch 9; loss: 0.04859038069844246; CER: 0.003026131307706237; WER: 0.01191403903067112; val_loss: 0.03948461636900902; val_CER: 0.00194795080460608; val_WER: 0.00779180321842432
2024-08-28 18:43:07,545 - root - INFO - Epoch 10; loss: 0.045182302594184875; CER: 0.0027100974693894386; WER: 0.010632586665451527; val_loss: 0.03874789550900459; val_CER: 0.002181704854592681; val_WER: 0.008726819418370724
2024-08-28 18:53:09,014 - root - INFO - Epoch 11; loss: 0.04153328016400337; CER: 0.002394063863903284; WER: 0.009472353383898735; val_loss: 0.045671287924051285; val_CER: 0.0026881720405071974; val_WER: 0.01075268816202879
2024-08-28 19:02:54,152 - root - INFO - Epoch 12; loss: 0.04292464628815651; CER: 0.0025585745461285114; WER: 0.010095762088894844; val_loss: 0.03731729835271835; val_CER: 0.002025868743658066; val_WER: 0.007947638630867004
2024-08-28 19:12:38,728 - root - INFO - Epoch 13; loss: 0.043944068253040314; CER: 0.0027144267223775387; WER: 0.010701854713261127; val_loss: 0.037853896617889404; val_CER: 0.0018700327491387725; val_WER: 0.00748013099655509
2024-08-28 19:22:27,138 - root - INFO - Epoch 14; loss: 0.04026087746024132; CER: 0.002385405357927084; WER: 0.009472353383898735; val_loss: 0.03750310465693474; val_CER: 0.001792114693671465; val_WER: 0.00716845877468586
2024-08-28 19:32:15,089 - root - INFO - Epoch 15; loss: 0.03921045735478401; CER: 0.0023551005870103836; WER: 0.009299184195697308; val_loss: 0.03894667327404022; val_CER: 0.0018310736631974578; val_WER: 0.00716845877468586
2024-08-28 19:42:00,977 - root - INFO - Epoch 16; loss: 0.03770145773887634; CER: 0.0022641869727522135; WER: 0.008952845819294453; val_loss: 0.03864116594195366; val_CER: 0.0019089917186647654; val_WER: 0.007635966874659061
2024-08-28 19:51:47,006 - root - INFO - Epoch 17; loss: 0.03695596754550934; CER: 0.0021689438726752996; WER: 0.008623824454843998; val_loss: 0.03606829792261124; val_CER: 0.001792114693671465; val_WER: 0.00716845877468586
2024-08-28 20:01:33,754 - root - INFO - Epoch 18; loss: 0.03432780131697655; CER: 0.002021749969571829; WER: 0.00801773276180029; val_loss: 0.036003272980451584; val_CER: 0.001792114693671465; val_WER: 0.00716845877468586
2024-08-28 20:11:36,582 - root - INFO - Epoch 19; loss: 0.035706814378499985; CER: 0.0021732731256633997; WER: 0.008623824454843998; val_loss: 0.03728540614247322; val_CER: 0.002025868743658066; val_WER: 0.008103474974632263
2024-08-28 20:21:18,836 - root - INFO - Epoch 20; loss: 0.03351106122136116; CER: 0.002017420716583729; WER: 0.007965781725943089; val_loss: 0.037054166197776794; val_CER: 0.0016752376686781645; val_WER: 0.006700950674712658
2024-08-28 20:31:03,709 - root - INFO - Epoch 21; loss: 0.032681770622730255; CER: 0.0019524823874235153; WER: 0.007757978979498148; val_loss: 0.03570668026804924; val_CER: 0.0018700327491387725; val_WER: 0.007324294652789831
2024-08-28 20:40:47,488 - root - INFO - Epoch 22; loss: 0.03274893760681152; CER: 0.0020044331904500723; WER: 0.007965781725943089; val_loss: 0.03524893522262573; val_CER: 0.0018700327491387725; val_WER: 0.00748013099655509
2024-08-28 20:50:30,095 - root - INFO - Epoch 23; loss: 0.03283247351646423; CER: 0.002017420716583729; WER: 0.00801773276180029; val_loss: 0.03785720840096474; val_CER: 0.002103786915540695; val_WER: 0.00841514766216278
2024-08-28 21:00:10,327 - root - INFO - Epoch 24; loss: 0.028338991105556488; CER: 0.0017187040066346526; WER: 0.006805548444390297; val_loss: 0.037862084805965424; val_CER: 0.0018700327491387725; val_WER: 0.00748013099655509
2024-08-28 21:10:54,954 - root - INFO - Epoch 25; loss: 0.03176984190940857; CER: 0.0019697993993759155; WER: 0.007861880585551262; val_loss: 0.03457162529230118; val_CER: 0.002103786915540695; val_WER: 0.008103474974632263
2024-08-28 21:20:34,912 - root - INFO - Epoch 26; loss: 0.030313273891806602; CER: 0.0018312640022486448; WER: 0.007307738997042179; val_loss: 0.0358913354575634; val_CER: 0.0020648278295993805; val_WER: 0.008103474974632263
2024-08-28 21:30:14,722 - root - INFO - Epoch 27; loss: 0.029038842767477036; CER: 0.0018009593477472663; WER: 0.007134569808840752; val_loss: 0.03779550641775131; val_CER: 0.00194795080460608; val_WER: 0.00779180321842432
2024-08-28 21:39:55,641 - root - INFO - Epoch 28; loss: 0.02949197217822075; CER: 0.00188321468885988; WER: 0.007498225197196007; val_loss: 0.04928351566195488; val_CER: 0.0028829670045524836; val_WER: 0.01137603260576725
2024-08-28 21:49:35,717 - root - INFO - Epoch 29; loss: 0.02865416184067726; CER: 0.0017533377977088094; WER: 0.006978717632591724; val_loss: 0.035887401551008224; val_CER: 0.0019089917186647654; val_WER: 0.007635966874659061
2024-08-28 21:59:27,388 - root - INFO - Epoch 30; loss: 0.02734203264117241; CER: 0.0016970578581094742; WER: 0.006753597408533096; val_loss: 0.033936645835638046; val_CER: 0.0018310736631974578; val_WER: 0.00716845877468586
2024-08-28 22:09:18,078 - root - INFO - Epoch 31; loss: 0.029157115146517754; CER: 0.0019135193433612585; WER: 0.0075848097912967205; val_loss: 0.03476407378911972; val_CER: 0.00194795080460608; val_WER: 0.007635966874659061
2024-08-28 22:19:02,772 - root - INFO - Epoch 32; loss: 0.027861222624778748; CER: 0.0018009593477472663; WER: 0.007151886820793152; val_loss: 0.03441588208079338; val_CER: 0.001986909657716751; val_WER: 0.00779180321842432
2024-08-28 22:28:45,990 - root - INFO - Epoch 33; loss: 0.025608548894524574; CER: 0.0016797409625723958; WER: 0.006701646838337183; val_loss: 0.036130912601947784; val_CER: 0.001753155724145472; val_WER: 0.007012622896581888
2024-08-28 22:38:29,691 - root - INFO - Epoch 34; loss: 0.02819153480231762; CER: 0.0018529101507738233; WER: 0.007377006579190493; val_loss: 0.035491812974214554; val_CER: 0.0018310736631974578; val_WER: 0.00716845877468586
2024-08-28 22:48:25,852 - root - INFO - Epoch 35; loss: 0.02537539042532444; CER: 0.001584497862495482; WER: 0.0062860408797860146; val_loss: 0.03481459617614746; val_CER: 0.0018310736631974578; val_WER: 0.00716845877468586
2024-08-28 22:58:18,379 - root - INFO - Epoch 36; loss: 0.024900872260332108; CER: 0.0015974856214597821; WER: 0.006355308461934328; val_loss: 0.03685092180967331; val_CER: 0.00194795080460608; val_WER: 0.007635966874659061
2024-08-28 23:08:03,752 - root - INFO - Epoch 37; loss: 0.02430293895304203; CER: 0.0016624240670353174; WER: 0.006615062244236469; val_loss: 0.03543774411082268; val_CER: 0.0018310736631974578; val_WER: 0.00716845877468586
2024-08-28 23:17:49,523 - root - INFO - Epoch 38; loss: 0.025097450241446495; CER: 0.0016710824565961957; WER: 0.006684329826384783; val_loss: 0.03571722283959389; val_CER: 0.0017141966382041574; val_WER: 0.006700950674712658
2024-08-28 23:27:35,474 - root - INFO - Epoch 39; loss: 0.026183582842350006; CER: 0.0017749839462339878; WER: 0.007047985214740038; val_loss: 0.03803298622369766; val_CER: 0.0020648278295993805; val_WER: 0.008103474974632263
2024-08-28 23:37:20,503 - root - INFO - Epoch 40; loss: 0.02353874035179615; CER: 0.001541205565445125; WER: 0.0061475057154893875; val_loss: 0.037170637398958206; val_CER: 0.002025868743658066; val_WER: 0.008103474974632263
2024-08-28 23:47:06,486 - root - INFO - Epoch 41; loss: 0.024113232269883156; CER: 0.0016277901595458388; WER: 0.006459210067987442; val_loss: 0.03794129192829132; val_CER: 0.00194795080460608; val_WER: 0.007635966874659061
2024-08-28 23:56:52,030 - root - INFO - Epoch 42; loss: 0.02248726412653923; CER: 0.0015498640714213252; WER: 0.006182139273732901; val_loss: 0.03493894264101982; val_CER: 0.0018700327491387725; val_WER: 0.007324294652789831
2024-08-29 00:06:38,653 - root - INFO - Epoch 43; loss: 0.02072478085756302; CER: 0.0013723656302317977; WER: 0.005454828962683678; val_loss: 0.03655257448554039; val_CER: 0.001986909657716751; val_WER: 0.00779180321842432
2024-08-29 00:16:25,402 - root - INFO - Epoch 44; loss: 0.021475067362189293; CER: 0.0013853533891960979; WER: 0.005541413556784391; val_loss: 0.039519280195236206; val_CER: 0.001986909657716751; val_WER: 0.00779180321842432
2024-08-29 00:26:10,840 - root - INFO - Epoch 45; loss: 0.022448357194662094; CER: 0.0014762671198695898; WER: 0.005887751933187246; val_loss: 0.03747070953249931; val_CER: 0.0018310736631974578; val_WER: 0.00716845877468586
2024-08-29 00:35:57,745 - root - INFO - Epoch 46; loss: 0.019769489765167236; CER: 0.0013247441966086626; WER: 0.00528165977448225; val_loss: 0.03672245517373085; val_CER: 0.0019089917186647654; val_WER: 0.00748013099655509
2024-08-29 00:45:44,118 - root - INFO - Epoch 47; loss: 0.01967458426952362; CER: 0.0013766948832198977; WER: 0.005506779532879591; val_loss: 0.037101201713085175; val_CER: 0.002103786915540695; val_WER: 0.008259311318397522
2024-08-29 00:55:29,897 - root - INFO - Epoch 48; loss: 0.02316812425851822; CER: 0.0015628517139703035; WER: 0.006234090309590101; val_loss: 0.035143278539180756; val_CER: 0.00194795080460608; val_WER: 0.007635966874659061
2024-08-29 01:05:16,613 - root - INFO - Epoch 49; loss: 0.02021866850554943; CER: 0.0013507194817066193; WER: 0.005385561380535364; val_loss: 0.038058243691921234; val_CER: 0.002025868743658066; val_WER: 0.007947638630867004
2024-08-29 01:15:02,689 - root - INFO - Epoch 50; loss: 0.019583968445658684; CER: 0.0012641348876059055; WER: 0.005039223004132509; val_loss: 0.03810795024037361; val_CER: 0.00194795080460608; val_WER: 0.007635966874659061
2024-08-29 01:24:48,633 - root - INFO - Epoch 51; loss: 0.0193468127399683; CER: 0.0013550487346947193; WER: 0.005385561380535364; val_loss: 0.03947943076491356; val_CER: 0.0018700327491387725; val_WER: 0.007324294652789831
2024-08-29 01:34:34,194 - root - INFO - Epoch 52; loss: 0.020843543112277985; CER: 0.0014026702847331762; WER: 0.005593364126980305; val_loss: 0.03716513514518738; val_CER: 0.0018700327491387725; val_WER: 0.007324294652789831
2024-08-29 01:44:19,348 - root - INFO - Epoch 53; loss: 0.018294481560587883; CER: 0.0012165134539827704; WER: 0.004831419792026281; val_loss: 0.0393940731883049; val_CER: 0.002025868743658066; val_WER: 0.007947638630867004
2024-08-29 01:54:05,111 - root - INFO - Epoch 54; loss: 0.0196294616907835; CER: 0.0013507194817066193; WER: 0.005368244368582964; val_loss: 0.04025150462985039; val_CER: 0.0018310736631974578; val_WER: 0.00716845877468586
2024-08-29 02:03:50,640 - root - INFO - Epoch 55; loss: 0.019958985969424248; CER: 0.001337731839157641; WER: 0.00529897678643465; val_loss: 0.0440206415951252; val_CER: 0.002103786915540695; val_WER: 0.008259311318397522
2024-08-29 02:13:36,076 - root - INFO - Epoch 56; loss: 0.018407221883535385; CER: 0.0012121842009946704; WER: 0.004814102780073881; val_loss: 0.039550330489873886; val_CER: 0.00194795080460608; val_WER: 0.007635966874659061
2024-08-29 02:23:21,596 - root - INFO - Epoch 57; loss: 0.019205359742045403; CER: 0.0012641348876059055; WER: 0.005056539550423622; val_loss: 0.041437167674303055; val_CER: 0.002181704854592681; val_WER: 0.008570983074605465
2024-08-29 02:33:07,532 - root - INFO - Epoch 58; loss: 0.017827987670898438; CER: 0.0011732211569324136; WER: 0.004675567615777254; val_loss: 0.04358478635549545; val_CER: 0.002025868743658066; val_WER: 0.007947638630867004
2024-08-29 02:42:54,003 - root - INFO - Epoch 59; loss: 0.017947204411029816; CER: 0.0012684641405940056; WER: 0.005073856562376022; val_loss: 0.03841397166252136; val_CER: 0.002181704854592681; val_WER: 0.008570983074605465
2024-08-29 02:52:38,911 - root - INFO - Epoch 60; loss: 0.017635071650147438; CER: 0.0011559041449800134; WER: 0.004606300033628941; val_loss: 0.04003382846713066; val_CER: 0.0019089917186647654; val_WER: 0.00748013099655509
2024-08-29 02:52:39,966 - tf2onnx.tfonnx - INFO - Using tensorflow=2.10.0, onnx=1.16.2, tf2onnx=1.16.1/15c810
2024-08-29 02:52:39,966 - tf2onnx.tfonnx - INFO - Using opset <onnx, 15>
2024-08-29 02:52:40,041 - tf2onnx.tf_utils - INFO - Computed 0 values for constant folding
2024-08-29 02:52:40,047 - tf2onnx.tf_utils - INFO - Computed 0 values for constant folding
2024-08-29 02:52:40,049 - tf2onnx.tf_utils - INFO - Computed 0 values for constant folding
2024-08-29 02:52:40,053 - tf2onnx.tf_utils - INFO - Computed 0 values for constant folding
2024-08-29 02:52:40,083 - tf2onnx.tf_utils - INFO - Computed 2 values for constant folding
2024-08-29 02:52:40,133 - tf2onnx.tfonnx - INFO - folding node using tf type=StridedSlice, name=model/bidirectional/forward_lstm/PartitionedCall/strided_slice
2024-08-29 02:52:40,134 - tf2onnx.tfonnx - INFO - folding node using tf type=StridedSlice, name=model/bidirectional/backward_lstm/PartitionedCall/strided_slice
2024-08-29 02:52:40,246 - tf2onnx.optimizer - INFO - Optimizing ONNX model
2024-08-29 02:52:41,054 - tf2onnx.optimizer - INFO - After optimization: BatchNormalization -18 (18->0), Cast -4 (11->7), Concat -4 (10->6), Const -128 (194->66), Expand -3 (4->1), Gather +2 (2->4), Identity -2 (2->0), Shape -1 (4->3), Slice -1 (5->4), Squeeze -3 (5->2), Transpose -83 (87->4), Unsqueeze -14 (17->3)
